--------------- Clean Started: 09/26/2016 18:54:17 Project: BLE Lab 2, Configuration: ARM GCC 4.8.4 Debug ---------------
Deleting file ".\CortexM0\ARM_GCC_484\Debug\main.o"
Deleting file ".\CortexM0\ARM_GCC_484\Debug\cyfitter_cfg.o"
Deleting file ".\CortexM0\ARM_GCC_484\Debug\cymetadata.o"
Deleting file ".\CortexM0\ARM_GCC_484\Debug\PWM.o"
Deleting file ".\CortexM0\ARM_GCC_484\Debug\PWM_PM.o"
Deleting file ".\CortexM0\ARM_GCC_484\Debug\Pin_LED.o"
Deleting file ".\CortexM0\ARM_GCC_484\Debug\Clock.o"
Deleting file ".\CortexM0\ARM_GCC_484\Debug\BLE_1.o"
Deleting file ".\CortexM0\ARM_GCC_484\Debug\BLE_1_gatt.o"
Deleting file ".\CortexM0\ARM_GCC_484\Debug\BLE_1_ias.o"
Deleting file ".\CortexM0\ARM_GCC_484\Debug\BLE_1_eventHandler.o"
Deleting file ".\CortexM0\ARM_GCC_484\Debug\BLE_1_HAL_INT.o"
Deleting file ".\CortexM0\ARM_GCC_484\Debug\BLE_1_HAL_PVT.o"
Deleting file ".\CortexM0\ARM_GCC_484\Debug\BLE_1_bless_isr.o"
Deleting file ".\CortexM0\ARM_GCC_484\Debug\Cm0Start.o"
Deleting file ".\CortexM0\ARM_GCC_484\Debug\CyBootAsmGnu.o"
Deleting file ".\CortexM0\ARM_GCC_484\Debug\CyFlash.o"
Deleting file ".\CortexM0\ARM_GCC_484\Debug\CyLib.o"
Deleting file ".\CortexM0\ARM_GCC_484\Debug\cyPm.o"
Deleting file ".\CortexM0\ARM_GCC_484\Debug\cyutils.o"
Deleting file ".\CortexM0\ARM_GCC_484\Debug\BLE Lab 2.hex"
Deleting file ".\CortexM0\ARM_GCC_484\Debug\BLE Lab 2.elf"
Deleting file ".\CortexM0\ARM_GCC_484\Debug\BLE Lab 2.map"
Deleting file ".\BLE Lab 2.cycdx"
Deleting file ".\BLE Lab 2.svd"
Deleting file ".\BLE Lab 2.rpt"
Deleting file ".\BLE Lab 2_timing.html"
Deleting file ".\CortexM0\ARM_GCC_484\Debug\.deps\C_FILE.P"
Deleting file ".\CortexM0\ARM_GCC_484\Debug\.deps\ARM_C_FILE.P"
Deleting file ".\CortexM0\ARM_GCC_484\Debug\.deps\GNU_ARM_ASM_FILE.P"
--------------- Clean Succeeded: 09/26/2016 18:54:17 ---------------
